<?xml version="1.0" encoding="UTF-8"?>
<!-- Generated by org.testng.reporters.JUnitXMLReporter -->
<testsuite ignored="0" hostname="LAPTOP-BDUQHCS1" failures="0" tests="3" name="Default test" time="15.627" errors="0" timestamp="2023-07-19T16:15:05 IST">
  <testcase classname="mgk.tests.SubmitOrderTest" name="submitOrder" time="3.658"/>
  <testcase classname="mgk.tests.SubmitOrderTest" name="submitOrder" time="3.709"/>
  <testcase classname="mgk.tests.SubmitOrderTest" name="OrderHistoryTest" time="0.709"/>
</testsuite> <!-- Default test -->
