<?xml version="1.0" encoding="UTF-8"?>
<!-- Generated by org.testng.reporters.JUnitXMLReporter -->
<testsuite ignored="2" hostname="LAPTOP-BDUQHCS1" failures="0" tests="0" time="0.001" errors="0" timestamp="2024-07-24T08:03:32 IST">
  <testcase classname="mgk.tests.ErrorValidationTest" name="prodErrorValidation" time="0.0">
    <ignored/>
  </testcase> <!-- prodErrorValidation -->
  <testcase classname="mgk.tests.ErrorValidationTest" name="loginErrorValidation" time="0.0">
    <ignored/>
  </testcase> <!-- loginErrorValidation -->
</testsuite>
