<?xml version="1.0" encoding="UTF-8"?>
<!-- Generated by org.testng.reporters.JUnitXMLReporter -->
<testsuite ignored="0" hostname="LAPTOP-BDUQHCS1" failures="0" tests="3" name="Submit Order Test" time="20.091" errors="0" timestamp="2023-07-19T17:32:02 IST">
  <testcase classname="mgk.tests.SubmitOrderTest" name="submitOrder" time="4.434"/>
  <testcase classname="mgk.tests.SubmitOrderTest" name="submitOrder" time="3.956"/>
  <testcase classname="mgk.tests.SubmitOrderTest" name="OrderHistoryTest" time="1.607"/>
</testsuite> <!-- Submit Order Test -->
