<?xml version="1.0" encoding="UTF-8"?>
<!-- Generated by org.testng.reporters.JUnitXMLReporter -->
<testsuite ignored="0" hostname="LAPTOP-BDUQHCS1" failures="1" tests="3" name="Test" time="34.656" errors="0" timestamp="2025-02-18T20:21:33 IST">
  <testcase classname="mgk.tests.SubmitOrderTest" name="submitOrder" time="2.596"/>
  <testcase classname="mgk.tests.SubmitOrderTest" name="submitOrder" time="4.296"/>
  <testcase classname="mgk.tests.SubmitOrderTest" name="OrderHistoryTest" time="10.81">
    <failure type="java.lang.AssertionError" message="expected [true] but found [false]">
      <![CDATA[java.lang.AssertionError: expected [true] but found [false]
at mgk.tests.SubmitOrderTest.OrderHistoryTest(SubmitOrderTest.java:48)
at java.base/java.util.ArrayList.forEach(ArrayList.java:1511)
... Removed 31 stack frames]]>
    </failure>
  </testcase> <!-- OrderHistoryTest -->
</testsuite> <!-- Test -->
