<?xml version="1.0" encoding="UTF-8"?>
<testng-results ignored="0" total="3" passed="2" failed="1" skipped="0">
  <reporter-output>
  </reporter-output>
  <suite started-at="2023-10-08T12:11:35 IST" name="Default suite" finished-at="2023-10-08T12:12:10 IST" duration-ms="34976">
    <groups>
      <group name="Purchase">
        <method signature="SubmitOrderTest.submitOrder(java.lang.String,java.lang.String,java.lang.String)[pri:0, instance:mgk.tests.SubmitOrderTest@68c9133c]" name="submitOrder" class="mgk.tests.SubmitOrderTest"/>
      </group> <!-- Purchase -->
    </groups>
    <test started-at="2023-10-08T12:11:35 IST" name="Default test" finished-at="2023-10-08T12:12:10 IST" duration-ms="34976">
      <class name="mgk.tests.SubmitOrderTest">
        <test-method is-config="true" signature="launchApp()[pri:0, instance:mgk.tests.SubmitOrderTest@68c9133c]" started-at="2023-10-08T12:11:35 IST" name="launchApp" finished-at="2023-10-08T12:11:42 IST" duration-ms="6780" status="PASS">
          <reporter-output>
          </reporter-output>
        </test-method> <!-- launchApp -->
        <test-method signature="submitOrder(java.lang.String,java.lang.String,java.lang.String)[pri:0, instance:mgk.tests.SubmitOrderTest@68c9133c]" started-at="2023-10-08T12:11:42 IST" name="submitOrder" data-provider="getData" finished-at="2023-10-08T12:11:46 IST" duration-ms="4227" status="PASS">
          <params>
            <param index="0">
              <value>
                <![CDATA[anshika@gmail.com]]>
              </value>
            </param>
            <param index="1">
              <value>
                <![CDATA[Iamking@000]]>
              </value>
            </param>
            <param index="2">
              <value>
                <![CDATA[ZARA COAT 3]]>
              </value>
            </param>
          </params>
          <reporter-output>
          </reporter-output>
        </test-method> <!-- submitOrder -->
        <test-method is-config="true" signature="tearDown()[pri:0, instance:mgk.tests.SubmitOrderTest@68c9133c]" started-at="2023-10-08T12:11:46 IST" name="tearDown" finished-at="2023-10-08T12:11:47 IST" duration-ms="1120" status="PASS">
          <reporter-output>
          </reporter-output>
        </test-method> <!-- tearDown -->
        <test-method is-config="true" signature="launchApp()[pri:0, instance:mgk.tests.SubmitOrderTest@68c9133c]" started-at="2023-10-08T12:11:47 IST" name="launchApp" finished-at="2023-10-08T12:11:52 IST" duration-ms="4795" status="PASS">
          <reporter-output>
          </reporter-output>
        </test-method> <!-- launchApp -->
        <test-method signature="submitOrder(java.lang.String,java.lang.String,java.lang.String)[pri:0, instance:mgk.tests.SubmitOrderTest@68c9133c]" started-at="2023-10-08T12:11:52 IST" name="submitOrder" data-provider="getData" finished-at="2023-10-08T12:12:02 IST" duration-ms="10332" status="PASS">
          <params>
            <param index="0">
              <value>
                <![CDATA[shetty@gmail.com]]>
              </value>
            </param>
            <param index="1">
              <value>
                <![CDATA[Iamking@000]]>
              </value>
            </param>
            <param index="2">
              <value>
                <![CDATA[IPHONE 13 PRO]]>
              </value>
            </param>
          </params>
          <reporter-output>
          </reporter-output>
        </test-method> <!-- submitOrder -->
        <test-method is-config="true" signature="tearDown()[pri:0, instance:mgk.tests.SubmitOrderTest@68c9133c]" started-at="2023-10-08T12:12:02 IST" name="tearDown" finished-at="2023-10-08T12:12:03 IST" duration-ms="924" status="PASS">
          <reporter-output>
          </reporter-output>
        </test-method> <!-- tearDown -->
        <test-method is-config="true" signature="launchApp()[pri:0, instance:mgk.tests.SubmitOrderTest@68c9133c]" started-at="2023-10-08T12:12:03 IST" name="launchApp" finished-at="2023-10-08T12:12:08 IST" duration-ms="5109" status="PASS">
          <reporter-output>
          </reporter-output>
        </test-method> <!-- launchApp -->
        <test-method signature="OrderHistoryTest()[pri:0, instance:mgk.tests.SubmitOrderTest@68c9133c]" started-at="2023-10-08T12:12:08 IST" name="OrderHistoryTest" finished-at="2023-10-08T12:12:09 IST" depends-on-methods="mgk.tests.SubmitOrderTest.submitOrder" duration-ms="655" status="FAIL">
          <exception class="java.lang.AssertionError">
            <message>
              <![CDATA[expected [true] but found [false]]]>
            </message>
            <full-stacktrace>
              <![CDATA[java.lang.AssertionError: expected [true] but found [false]
at org.testng.Assert.fail(Assert.java:110)
at org.testng.Assert.failNotEquals(Assert.java:1577)
at org.testng.Assert.assertTrue(Assert.java:56)
at org.testng.Assert.assertTrue(Assert.java:66)
at mgk.tests.SubmitOrderTest.OrderHistoryTest(SubmitOrderTest.java:48)
at java.base/jdk.internal.reflect.NativeMethodAccessorImpl.invoke0(Native Method)
at java.base/jdk.internal.reflect.NativeMethodAccessorImpl.invoke(NativeMethodAccessorImpl.java:77)
at java.base/jdk.internal.reflect.DelegatingMethodAccessorImpl.invoke(DelegatingMethodAccessorImpl.java:43)
at java.base/java.lang.reflect.Method.invoke(Method.java:568)
at org.testng.internal.invokers.MethodInvocationHelper.invokeMethod(MethodInvocationHelper.java:139)
at org.testng.internal.invokers.TestInvoker.invokeMethod(TestInvoker.java:677)
at org.testng.internal.invokers.TestInvoker.invokeTestMethod(TestInvoker.java:221)
at org.testng.internal.invokers.MethodRunner.runInSequence(MethodRunner.java:50)
at org.testng.internal.invokers.TestInvoker$MethodInvocationAgent.invoke(TestInvoker.java:969)
at org.testng.internal.invokers.TestInvoker.invokeTestMethods(TestInvoker.java:194)
at org.testng.internal.invokers.TestMethodWorker.invokeTestMethods(TestMethodWorker.java:148)
at org.testng.internal.invokers.TestMethodWorker.run(TestMethodWorker.java:128)
at java.base/java.util.ArrayList.forEach(ArrayList.java:1511)
at org.testng.TestRunner.privateRun(TestRunner.java:829)
at org.testng.TestRunner.run(TestRunner.java:602)
at org.testng.SuiteRunner.runTest(SuiteRunner.java:437)
at org.testng.SuiteRunner.runSequentially(SuiteRunner.java:431)
at org.testng.SuiteRunner.privateRun(SuiteRunner.java:391)
at org.testng.SuiteRunner.run(SuiteRunner.java:330)
at org.testng.SuiteRunnerWorker.runSuite(SuiteRunnerWorker.java:52)
at org.testng.SuiteRunnerWorker.run(SuiteRunnerWorker.java:95)
at org.testng.TestNG.runSuitesSequentially(TestNG.java:1256)
at org.testng.TestNG.runSuitesLocally(TestNG.java:1176)
at org.testng.TestNG.runSuites(TestNG.java:1099)
at org.testng.TestNG.run(TestNG.java:1067)
at org.testng.remote.AbstractRemoteTestNG.run(AbstractRemoteTestNG.java:115)
at org.testng.remote.RemoteTestNG.initAndRun(RemoteTestNG.java:251)
at org.testng.remote.RemoteTestNG.main(RemoteTestNG.java:77)
]]>
            </full-stacktrace>
          </exception> <!-- java.lang.AssertionError -->
          <reporter-output>
          </reporter-output>
        </test-method> <!-- OrderHistoryTest -->
        <test-method is-config="true" signature="tearDown()[pri:0, instance:mgk.tests.SubmitOrderTest@68c9133c]" started-at="2023-10-08T12:12:09 IST" name="tearDown" finished-at="2023-10-08T12:12:10 IST" duration-ms="969" status="PASS">
          <reporter-output>
          </reporter-output>
        </test-method> <!-- tearDown -->
      </class> <!-- mgk.tests.SubmitOrderTest -->
    </test> <!-- Default test -->
  </suite> <!-- Default suite -->
</testng-results>
