<?xml version="1.0" encoding="UTF-8"?>
<!-- Generated by org.testng.reporters.JUnitReportReporter -->
<testsuite hostname="LAPTOP-BDUQHCS1" failures="1" tests="3" name="testRunner.TestNGTestRunner" time="45.272" errors="0" timestamp="2025-02-19T19:08:58 IST" skipped="0">
  <testcase classname="testRunner.TestNGTestRunner" name="runScenario" time="19.595"/>
  <system-out/>
  <testcase classname="testRunner.TestNGTestRunner" name="runScenario" time="12.050">
    <failure message="expected [No data] but found [Beetroot]" type="java.lang.AssertionError">
      <![CDATA[java.lang.AssertionError: expected [No data] but found [Beetroot]
at org.testng.Assert.fail(Assert.java:110)
at org.testng.Assert.failNotEquals(Assert.java:1577)
at org.testng.Assert.assertEqualsImpl(Assert.java:149)
at org.testng.Assert.assertEquals(Assert.java:131)
at org.testng.Assert.assertEquals(Assert.java:655)
at org.testng.Assert.assertEquals(Assert.java:665)
at stepDefinitions.OfferPageSteps.validate_product_name_in_offers_page_matches_with_landing_page(OfferPageSteps.java:41)
at ✽.Validate product name in offers page matches with landing page(file:///J:/Testing/Web%20Testing/JavaProjects/Frameworks/CucumberFramework/./src/test/java/features/searchProduct.feature:9)
]]>
    </failure>
  </testcase> <!-- runScenario -->
  <system-out/>
  <testcase classname="testRunner.TestNGTestRunner" name="runScenario" time="13.627"/>
  <system-out/>
</testsuite> <!-- testRunner.TestNGTestRunner -->
