<?xml version="1.0" encoding="UTF-8"?>
<testng-results ignored="0" total="1" passed="1" failed="0" skipped="0">
  <reporter-output>
  </reporter-output>
  <suite started-at="2023-08-04T08:40:01 IST" name="Default suite" finished-at="2023-08-04T08:40:03 IST" duration-ms="2362">
    <groups>
    </groups>
    <test started-at="2023-08-04T08:40:01 IST" name="Default test" finished-at="2023-08-04T08:40:03 IST" duration-ms="2362">
      <class name="seleniumConcepts.LaunchBrowser">
        <test-method signature="launch()[pri:0, instance:seleniumConcepts.LaunchBrowser@54a7079e]" started-at="2023-08-04T08:40:01 IST" name="launch" finished-at="2023-08-04T08:40:03 IST" duration-ms="2320" status="PASS">
          <reporter-output>
          </reporter-output>
        </test-method> <!-- launch -->
      </class> <!-- seleniumConcepts.LaunchBrowser -->
    </test> <!-- Default test -->
  </suite> <!-- Default suite -->
</testng-results>
